<?xml version="1.0" encoding="UTF-8"?>
<!-- Generated by org.testng.reporters.JUnitReportReporter -->
<testsuite hostname="Acer" failures="0" tests="2" name="test.TestGeneral" time="1.076" errors="0" timestamp="2021-09-17T10:42:55 COT" skipped="0">
  <testcase classname="test.TestGeneral" name="verificarConexion" time="0.103"/>
  <system-out/>
  <testcase classname="test.TestGeneral" name="verificarCargaFundaciones" time="0.973"/>
  <system-out/>
</testsuite> <!-- test.TestGeneral -->
