<?xml version="1.0" encoding="UTF-8"?>
<!-- Generated by org.testng.reporters.JUnitReportReporter -->
<testsuite hostname="Acer" failures="0" tests="2" name="test.TestGeneral" time="0.942" errors="0" timestamp="2021-09-16T10:44:36 COT" skipped="0">
  <testcase classname="test.TestGeneral" name="verificarConexion" time="0.068"/>
  <system-out/>
  <testcase classname="test.TestGeneral" name="verificarCargaFundaciones" time="0.874"/>
  <system-out/>
</testsuite> <!-- test.TestGeneral -->
