<?xml version="1.0" encoding="UTF-8"?>
<!-- Generated by org.testng.reporters.JUnitReportReporter -->
<testsuite hostname="Acer" failures="0" tests="2" name="test.TestGeneral" time="1.254" errors="0" timestamp="2021-09-21T06:35:42 COT" skipped="0">
  <testcase classname="test.TestGeneral" name="verificarConexion" time="0.082"/>
  <system-out/>
  <testcase classname="test.TestGeneral" name="verificarCargaFundaciones" time="1.172"/>
  <system-out/>
</testsuite> <!-- test.TestGeneral -->
