<?xml version="1.0" encoding="UTF-8"?>
<!-- Generated by org.testng.reporters.JUnitReportReporter -->
<testsuite hostname="Acer" failures="0" tests="2" name="test.TestGeneral" time="1.048" errors="0" timestamp="2021-09-18T10:41:20 COT" skipped="0">
  <testcase classname="test.TestGeneral" name="verificarConexion" time="0.072"/>
  <system-out/>
  <testcase classname="test.TestGeneral" name="verificarCargaFundaciones" time="0.976"/>
  <system-out/>
</testsuite> <!-- test.TestGeneral -->
